2022-04-04 18:08:59,327 INFO m.r.BookRepositoryImpl [main] calling a method getBookRepository
2022-04-04 18:08:59,343 INFO m.r.BookRepositoryImpl [main] the constructor is called BookRepositoryImpl
2022-04-04 18:08:59,343 INFO m.r.BookRepositoryImpl [main] calling a method initData
2022-04-04 18:08:59,344 INFO m.r.BookRepositoryImpl [main] method initData completed
2022-04-04 18:08:59,346 INFO m.r.OrderRepositoryImpl [main] calling a method getOrderRepository
2022-04-04 18:08:59,346 INFO m.r.OrderRepositoryImpl [main] the constructor is called OrderRepositoryImpl
2022-04-04 18:08:59,347 INFO m.r.OrderRepositoryImpl [main] calling a method initOrders
2022-04-04 18:08:59,347 INFO m.r.OrderRepositoryImpl [main] method initOrders completed
2022-04-04 18:08:59,348 INFO m.r.OrderRepositoryImpl [main] method getOrderRepository completed
2022-04-04 18:08:59,349 INFO m.r.CustomerRepositoryImpl [main] the constructor is called CustomerRepositoryImpl
2022-04-04 18:08:59,349 INFO m.r.CustomerRepositoryImpl [main] calling a method initCustomers
2022-04-04 18:08:59,351 INFO m.r.CustomerRepositoryImpl [main] method initCustomers completed
2022-04-04 18:08:59,356 INFO m.s.OrderServiceImpl [main] the constructor is called OrderServiceImpl
2022-04-04 18:08:59,358 INFO m.r.RequestRepositoryImpl [main] calling a method getRequestRepository
2022-04-04 18:08:59,358 INFO m.r.RequestRepositoryImpl [main] the constructor is called RequestRepositoryImpl
2022-04-04 18:08:59,358 INFO m.r.RequestRepositoryImpl [main] calling a method initRequest
2022-04-04 18:08:59,359 INFO m.r.RequestRepositoryImpl [main] method initRequest completed
2022-04-04 18:08:59,359 INFO m.r.RequestRepositoryImpl [main] method getRequestRepository completed
2022-04-04 18:08:59,362 INFO m.s.RequestServiceImpl [main] the constructor is called RequestServiceImpl
2022-04-04 18:08:59,365 INFO m.s.BookServiceImpl [main] the constructor is called 
2022-04-04 18:08:59,366 INFO m.r.BookRepositoryImpl [main] the constructor is called BookRepositoryImpl
2022-04-04 18:08:59,367 INFO m.r.BookRepositoryImpl [main] calling a method initData
2022-04-04 18:08:59,367 INFO m.r.BookRepositoryImpl [main] method initData completed
2022-04-04 18:08:59,367 INFO m.r.OrderRepositoryImpl [main] calling a method getOrderRepository
2022-04-04 18:08:59,367 INFO m.r.OrderRepositoryImpl [main] method getOrderRepository completed
2022-04-04 18:08:59,367 INFO m.r.RequestRepositoryImpl [main] the constructor is called RequestRepositoryImpl
2022-04-04 18:08:59,368 INFO m.r.RequestRepositoryImpl [main] calling a method initRequest
2022-04-04 18:08:59,368 INFO m.r.RequestRepositoryImpl [main] method initRequest completed
2022-04-04 18:08:59,368 INFO m.r.CustomerRepositoryImpl [main] the constructor is called CustomerRepositoryImpl
2022-04-04 18:08:59,368 INFO m.r.CustomerRepositoryImpl [main] calling a method initCustomers
2022-04-04 18:08:59,368 INFO m.r.CustomerRepositoryImpl [main] method initCustomers completed
2022-04-04 18:08:59,369 INFO m.s.RequestServiceImpl [main] the constructor is called RequestServiceImpl
2022-04-04 18:08:59,369 INFO m.s.BookServiceImpl [main] the constructor is called 
2022-04-04 18:08:59,370 INFO m.s.OrderServiceImpl [main] the constructor is called OrderServiceImpl
2022-04-04 18:08:59,376 INFO m.s.BookServiceImpl [main] calling a method readCsvBook
2022-04-04 18:08:59,376 INFO m.r.BookRepositoryImpl [main] calling a method getBookRepository
2022-04-04 18:08:59,377 INFO m.r.BookRepositoryImpl [main] calling a method getBooks
2022-04-04 18:08:59,377 INFO m.r.BookRepositoryImpl [main] method getBooks completed
2022-04-04 18:08:59,408 INFO m.s.BookServiceImpl [main] method readCsvBook completed
2022-04-04 18:08:59,408 INFO m.s.OrderServiceImpl [main] calling a method readFileCsvOrder
2022-04-04 18:08:59,408 INFO m.r.OrderRepositoryImpl [main] calling a method getOrderRepository
2022-04-04 18:08:59,408 INFO m.r.OrderRepositoryImpl [main] method getOrderRepository completed
2022-04-04 18:08:59,409 INFO m.r.OrderRepositoryImpl [main] calling a method getOrders
2022-04-04 18:08:59,409 INFO m.r.OrderRepositoryImpl [main] method getOrders completed
2022-04-04 18:08:59,424 INFO m.s.OrderServiceImpl [main] method readFileCsvOrder completed
2022-04-04 18:08:59,425 INFO m.s.RequestServiceImpl [main] calling a method readFileCsvRequest
2022-04-04 18:08:59,425 INFO m.r.RequestRepositoryImpl [main] calling a method getRequestRepository
2022-04-04 18:08:59,425 INFO m.r.RequestRepositoryImpl [main] method getRequestRepository completed
2022-04-04 18:08:59,426 INFO m.r.RequestRepositoryImpl [main] calling a method getRequest
2022-04-04 18:08:59,426 INFO m.r.RequestRepositoryImpl [main] method getRequest completed
2022-04-04 18:08:59,449 INFO m.s.RequestServiceImpl [main] method readFileCsvRequest completed
2022-04-04 18:08:59,451 INFO m.u.b.Builder [main] calling a method buildMenu
2022-04-04 18:08:59,453 INFO m.u.b.RootMenuBuilder [main] calling a method buildMenu
2022-04-04 18:08:59,455 INFO m.u.b.NestedMenuOrders [main] calling a method buildMenu
2022-04-04 18:08:59,457 INFO m.u.b.NestedMenuOrdersAction [main] calling a method buildMenu
2022-04-04 18:08:59,476 INFO m.u.b.NestedMenuOrdersAction [main] calling a method buildMenu
2022-04-04 18:08:59,476 INFO m.u.b.NestedMenuOrdersAction [main] calling a method getCurrentMenu
2022-04-04 18:08:59,476 INFO m.u.b.NestedMenuOrdersAction [main] method getCurrentMenu completed
2022-04-04 18:08:59,477 INFO m.u.b.NestedMenuOrdersSorting [main] calling a method buildMenu
2022-04-04 18:08:59,478 INFO m.u.b.NestedMenuOrdersSorting [main] method buildMenu completed
2022-04-04 18:08:59,478 INFO m.u.b.NestedMenuOrdersSorting [main] calling a method getCurrentMenu
2022-04-04 18:08:59,478 INFO m.u.b.NestedMenuOrdersSorting [main] method getCurrentMenu completed
2022-04-04 18:08:59,480 INFO m.u.b.NestedMenuOrderInfo [main] calling a method buildMenu
2022-04-04 18:08:59,480 INFO m.u.b.NestedMenuOrderInfo [main] method buildMenu completed
2022-04-04 18:08:59,480 INFO m.u.b.NestedMenuOrderInfo [main] calling a method getCurrentMenu
2022-04-04 18:08:59,480 INFO m.u.b.NestedMenuOrderInfo [main] method getCurrentMenu completed
2022-04-04 18:08:59,480 INFO m.u.b.NestedMenuOrders [main] method buildMenu completed
2022-04-04 18:08:59,481 INFO m.u.b.NestedMenuOrders [main] calling a method getCurrentMenu
2022-04-04 18:08:59,481 INFO m.u.b.NestedMenuOrders [main] method getCurrentMenu completed
2022-04-04 18:08:59,483 INFO m.u.b.NestedMenuBooks [main] calling a method buildMenu
2022-04-04 18:08:59,484 INFO m.u.b.NestedMenuBookSorting [main] calling a method buildMenu
2022-04-04 18:08:59,485 INFO m.u.b.NestedMenuBookSorting [main] method buildMenu completed
2022-04-04 18:08:59,485 INFO m.u.b.NestedMenuBookSorting [main] calling a method getCurrentMenu
2022-04-04 18:08:59,485 INFO m.u.b.NestedMenuBookSorting [main] method getCurrentMenu completed
2022-04-04 18:08:59,487 INFO m.u.b.NestedMenuBookAction [main] calling a method getCurrentMenu
2022-04-04 18:08:59,487 INFO m.u.b.NestedMenuBookAction [main] method getCurrentMenu completed
2022-04-04 18:08:59,487 INFO m.u.b.NestedMenuBooks [main] method buildMenu completed
2022-04-04 18:08:59,487 INFO m.u.b.NestedMenuBooks [main] calling a method getRootMenu
2022-04-04 18:08:59,487 INFO m.u.b.NestedMenuBooks [main] method getRootMenu completed
2022-04-04 18:08:59,489 INFO m.u.b.NestedMenuRequest [main] calling a method buildMenu
2022-04-04 18:08:59,489 INFO m.u.b.NestedMenuRequest [main] method buildMenu completed
2022-04-04 18:08:59,489 INFO m.u.b.NestedMenuRequest [main] calling a method getCurrentMenu
2022-04-04 18:08:59,489 INFO m.u.b.NestedMenuRequest [main] method getCurrentMenu completed
2022-04-04 18:08:59,493 INFO m.u.b.NestedMenuImportData [main] calling a method buildMenu
2022-04-04 18:08:59,494 INFO m.u.b.NestedMenuImportData [main] calling a method buildMenu
2022-04-04 18:08:59,494 INFO m.u.b.NestedMenuImportData [main] calling a method getCurrentMenu
2022-04-04 18:08:59,494 INFO m.u.b.NestedMenuImportData [main] method getCurrentMenu completed
2022-04-04 18:08:59,494 INFO m.u.b.RootMenuBuilder [main] method buildMenu completed
2022-04-04 18:08:59,495 INFO m.u.b.RootMenuBuilder [main] calling a method getCurrentMenu
2022-04-04 18:08:59,495 INFO m.u.b.RootMenuBuilder [main] method getCurrentMenu completed
2022-04-04 18:08:59,495 INFO m.u.b.Builder [main] method buildMenu completed
2022-04-04 18:08:59,497 INFO m.u.b.Builder [main] calling a method getRootMenu
2022-04-04 18:08:59,498 INFO m.u.b.Builder [main] method getRootMenu completed
